[0;34m[Aspnmy Log]: 正在获取地址 TN1NtArNJw4mso1nB8P3dmBQdf88888888 的余额信息...[0m
[0;34m[Aspnmy Log]: TRC20合约地址: TR7NHqjeKQxGTCi8q8ZY4pL8otSzgjLj6t[0m
[0;34m[Aspnmy Log]: USDT: 9.000000[0m
[0;34m[Aspnmy Log]: TRX 余额: 54.185892[0m
[0;34m[Aspnmy Log]: 地址 1: TN1NtArNJw4mso1nB8P3dmBQdf88888888[0m
[0;34m[Aspnmy Log]: 权重 1: 5[0m
[0;34m[Aspnmy Log]: 地址 2: TKqTUNcBWiRDdczuHoQstMD4XRyFgNwHiF[0m
[0;34m[Aspnmy Log]: 权重 2: 10[0m
[0;31m[Aspnmy Log]: 发现null值，函数中止。[0m
[0;34m[Aspnmy Log]: 创建时间: 2024-10-12 12:18:57 UTC[0m
[0;34m[Aspnmy Log]: 最新操作时间: 2024-11-10 11:21:00 UTC[0m
[0;34m[Aspnmy Log]: 正在获取地址 TN1NtArNJw4mso1nB8P3dmBQdf88888888 的余额信息...[0m
[0;34m[Aspnmy Log]: TRC20合约地址: TR7NHqjeKQxGTCi8q8ZY4pL8otSzgjLj6t[0m
[0;34m[Aspnmy Log]: USDT: 9.000000[0m
[0;34m[Aspnmy Log]: TRX 余额: 54.185892[0m
[0;34m[Aspnmy Log]: 地址 1: TN1NtArNJw4mso1nB8P3dmBQdf88888888[0m
[0;34m[Aspnmy Log]: 权重 1: 5[0m
[0;34m[Aspnmy Log]: 地址 2: TKqTUNcBWiRDdczuHoQstMD4XRyFgNwHiF[0m
[0;34m[Aspnmy Log]: 权重 2: 10[0m
[0;31m[Aspnmy Log]: 发现null值，函数中止。[0m
[0;34m[Aspnmy Log]: 创建时间: 2024-10-12 12:18:57 UTC[0m
[0;34m[Aspnmy Log]: 最新操作时间: 2024-11-10 11:21:00 UTC[0m
[0;34m[Aspnmy Log]: 正在获取地址 TN1NtArNJw4mso1nB8P3dmBQdf88888888 的余额信息...[0m
[0;34m[Aspnmy Log]: TRC20合约地址: TR7NHqjeKQxGTCi8q8ZY4pL8otSzgjLj6t[0m
[0;34m[Aspnmy Log]: USDT: 9.000000[0m
[0;34m[Aspnmy Log]: TRX 余额: 54.185892[0m
[0;33m[Aspnmy Log]: 发现null值，跳过此条目。[0m
[0;34m[Aspnmy Log]: 创建时间: 2024-10-12 12:18:57 UTC[0m
[0;34m[Aspnmy Log]: 最新操作时间: 2024-11-10 11:21:00 UTC[0m
[0;34m[Aspnmy Log]: 正在获取地址 TN1NtArNJw4mso1nB8P3dmBQdf88888888 的余额信息...[0m
[0;34m[Aspnmy Log]: TRC20合约地址: TR7NHqjeKQxGTCi8q8ZY4pL8otSzgjLj6t[0m
[0;34m[Aspnmy Log]: USDT: 9.000000[0m
[0;34m[Aspnmy Log]: TRX 余额: 54.185892[0m
[0;33m[Aspnmy Log]: 发现null值，跳过此条目。[0m
[0;34m[Aspnmy Log]: 正在获取地址 TN1NtArNJw4mso1nB8P3dmBQdf88888888 的余额信息...[0m
[0;34m[Aspnmy Log]: TRC20合约地址: TR7NHqjeKQxGTCi8q8ZY4pL8otSzgjLj6t[0m
[0;34m[Aspnmy Log]: USDT: 9.000000[0m
[0;34m[Aspnmy Log]: TRX 余额: 54.185892[0m
[0;33m[Aspnmy Log]: 发现null值，跳过此条目。[0m
[0;34m[Aspnmy Log]: 正在获取地址 TN1NtArNJw4mso1nB8P3dmBQdf88888888 的余额信息...[0m
[0;34m[Aspnmy Log]: TRC20合约地址: TR7NHqjeKQxGTCi8q8ZY4pL8otSzgjLj6t[0m
[0;34m[Aspnmy Log]: USDT: 9.000000[0m
[0;34m[Aspnmy Log]: TRX 余额: 54.185892[0m
[0;33m[Aspnmy Log]: 发现null值，跳过此条目。[0m
[0;34m[Aspnmy Log]: 正在获取地址 TN1NtArNJw4mso1nB8P3dmBQdf88888888 的余额信息...[0m
[0;34m[Aspnmy Log]: TRC20合约地址: TR7NHqjeKQxGTCi8q8ZY4pL8otSzgjLj6t[0m
[0;34m[Aspnmy Log]: USDT: 9.000000[0m
[0;34m[Aspnmy Log]: TRX 余额: 54.185892[0m
[0;33m[Aspnmy Log]: 发现null值，跳过此条目。[0m
[0;34m[Aspnmy Log]: 正在获取地址 TN1NtArNJw4mso1nB8P3dmBQdf88888888 的余额信息...[0m
[0;34m[Aspnmy Log]: TRC20合约地址: TR7NHqjeKQxGTCi8q8ZY4pL8otSzgjLj6t[0m
[0;34m[Aspnmy Log]: USDT: 9.000000[0m
[0;34m[Aspnmy Log]: TRX 余额: 54.185892[0m
[0;33m[Aspnmy Log]: 发现null值，跳过此条目。[0m
[0;34m[Aspnmy Log]: 正在获取地址 TN1NtArNJw4mso1nB8P3dmBQdf88888888 的余额信息...[0m
[0;34m[Aspnmy Log]: TRC20合约地址: TR7NHqjeKQxGTCi8q8ZY4pL8otSzgjLj6t[0m
[0;34m[Aspnmy Log]: USDT: 9.000000[0m
[0;34m[Aspnmy Log]: TRX 余额: 54.185892[0m
[0;33m[Aspnmy Log]: 发现null值，跳过此条目。[0m
[0;34m[Aspnmy Log]: 正在获取地址 TN1NtArNJw4mso1nB8P3dmBQdf88888888 的余额信息...[0m
[0;34m[Aspnmy Log]: TRC20合约地址: TR7NHqjeKQxGTCi8q8ZY4pL8otSzgjLj6t[0m
[0;34m[Aspnmy Log]: USDT: 9.000000[0m
[0;34m[Aspnmy Log]: TRX 余额: 54.185892[0m
[0;33m[Aspnmy Log]: 发现null值，跳过此条目。[0m
[0;34m[Aspnmy Log]: 正在获取地址 TN1NtArNJw4mso1nB8P3dmBQdf88888888 的余额信息...[0m
[0;34m[Aspnmy Log]: TRC20合约地址: TR7NHqjeKQxGTCi8q8ZY4pL8otSzgjLj6t[0m
[0;34m[Aspnmy Log]: USDT: 9.000000[0m
[0;34m[Aspnmy Log]: TRX 余额: 54.185892[0m
[0;33m[Aspnmy Log]: 发现null值，跳过此条目。[0m
[0;34m[Aspnmy Log]: 正在获取地址 TN1NtArNJw4mso1nB8P3dmBQdf88888888 的余额信息...[0m
[0;34m[Aspnmy Log]: TRC20合约地址: TR7NHqjeKQxGTCi8q8ZY4pL8otSzgjLj6t[0m
[0;34m[Aspnmy Log]: USDT: 9.000000[0m
[0;34m[Aspnmy Log]: TRX 余额: 54.185892[0m
[0;33m[Aspnmy Log]: 发现null值，跳过此条目。[0m
[0;34m[Aspnmy Log]: 正在获取地址 TN1NtArNJw4mso1nB8P3dmBQdf88888888 的余额信息...[0m
[0;34m[Aspnmy Log]: TRC20合约地址: TR7NHqjeKQxGTCi8q8ZY4pL8otSzgjLj6t[0m
[0;34m[Aspnmy Log]: USDT: 9.000000[0m
[0;34m[Aspnmy Log]: TRX 余额: 54.185892[0m
[0;33m[Aspnmy Log]: 发现null值，跳过此条目。[0m
[0;34m[Aspnmy Log]: 正在获取地址 TN1NtArNJw4mso1nB8P3dmBQdf88888888 的余额信息...[0m
[0;34m[Aspnmy Log]: TRC20合约地址: TR7NHqjeKQxGTCi8q8ZY4pL8otSzgjLj6t[0m
[0;34m[Aspnmy Log]: USDT: 9.000000[0m
[0;34m[Aspnmy Log]: TRX 余额: 54.185892[0m
[0;33m[Aspnmy Log]: 发现null值，跳过此条目。[0m
[0;34m[Aspnmy Log]: 正在获取地址 TN1NtArNJw4mso1nB8P3dmBQdf88888888 的余额信息...[0m
[0;34m[Aspnmy Log]: TRC20合约地址: TR7NHqjeKQxGTCi8q8ZY4pL8otSzgjLj6t[0m
[0;34m[Aspnmy Log]: USDT: 9.000000[0m
[0;34m[Aspnmy Log]: TRX 余额: 54.185892[0m
[0;33m[Aspnmy Log]: 发现null值，跳过此条目。[0m
[0;34m[Aspnmy Log]: 正在获取地址 TN1NtArNJw4mso1nB8P3dmBQdf88888888 的余额信息...[0m
[0;34m[Aspnmy Log]: TRC20合约地址: TR7NHqjeKQxGTCi8q8ZY4pL8otSzgjLj6t[0m
[0;34m[Aspnmy Log]: USDT: 9.000000[0m
[0;34m[Aspnmy Log]: TRX 余额: 54.185892[0m
[0;33m[Aspnmy Log]: 发现null值，跳过此条目。[0m
[0;34m[Aspnmy Log]: 正在获取地址 TN1NtArNJw4mso1nB8P3dmBQdf88888888 的余额信息...[0m
[0;34m[Aspnmy Log]: TRC20合约地址: TR7NHqjeKQxGTCi8q8ZY4pL8otSzgjLj6t[0m
[0;34m[Aspnmy Log]: USDT: 9.000000[0m
[0;34m[Aspnmy Log]: TRX 余额: 54.185892[0m
[0;34m[Aspnmy Log]: 正在获取地址 TN1NtArNJw4mso1nB8P3dmBQdf88888888 的余额信息...[0m
[0;34m[Aspnmy Log]: TRC20合约地址: TR7NHqjeKQxGTCi8q8ZY4pL8otSzgjLj6t[0m
[0;34m[Aspnmy Log]: USDT: 9.000000[0m
[0;34m[Aspnmy Log]: TRX 余额: 54.185892[0m
[0;34m[Aspnmy Log]: 正在获取地址 TN1NtArNJw4mso1nB8P3dmBQdf88888888 的余额信息...[0m
[0;34m[Aspnmy Log]: TRC20合约地址: TR7NHqjeKQxGTCi8q8ZY4pL8otSzgjLj6t[0m
[0;34m[Aspnmy Log]: USDT: 9.000000[0m
[0;34m[Aspnmy Log]: TRX 余额: 54.185892[0m
[0;34m[Aspnmy Log]: 正在获取地址 TN1NtArNJw4mso1nB8P3dmBQdf88888888 的余额信息...[0m
[0;34m[Aspnmy Log]: TRC20合约地址: TR7NHqjeKQxGTCi8q8ZY4pL8otSzgjLj6t[0m
[0;34m[Aspnmy Log]: USDT: 9.000000[0m
[0;34m[Aspnmy Log]: TRX 余额: 54.185892[0m
[0;32m[Aspnmy Log]: 成功：Python环境已安装。[0m
[0;34m[Aspnmy Log]: 启动Web服务器...[0m
[0;34m[Aspnmy Log]: Web服务器已启动，正在端口7988上托管content.json文件。[0m
[0;34m[Aspnmy Log]: 访问 http://localhost:7988/web_logs/content.json 查看文件。[0m
[0;32m[Aspnmy Log]: 成功：Python环境已安装。[0m
[0;34m[Aspnmy Log]: 启动Web服务器...[0m
[0;34m[Aspnmy Log]: Web服务器已启动，正在端口7988上托管content.json文件。[0m
[0;34m[Aspnmy Log]: 访问 http://localhost:7988/web_logs/content.json 查看文件。[0m
[0;32m[Aspnmy Log]: 成功：Python环境已安装。[0m
[0;34m[Aspnmy Log]: 启动Web服务器...[0m
[0;34m[Aspnmy Log]: Web服务器已启动，正在端口7988上托管content.json文件。[0m
[0;34m[Aspnmy Log]: 访问 http://localhost:7988/web_logs/content.json 查看文件。[0m
[0;32m[Aspnmy Log]: 成功：Python环境已安装。[0m
[0;34m[Aspnmy Log]: 启动Web服务器...[0m
[0;34m[Aspnmy Log]: Web服务器已启动，正在端口7988上托管content.json文件。[0m
[0;34m[Aspnmy Log]: 访问 http://localhost:7988/web_logs/content.json 查看文件。[0m
[0;32m[Aspnmy Log]: 成功：Python环境已安装。[0m
[0;34m[Aspnmy Log]: 启动Web服务器...[0m
[0;34m[Aspnmy Log]: Web服务器已启动，正在端口7988上托管content.json文件。[0m
[0;34m[Aspnmy Log]: 访问 http://localhost:7988/web_logs/content.json 查看文件。[0m
[0;33m[Aspnmy Log]: Python3 已存在，跳过安装。[0m
[0;34m[Aspnmy Log]: 启动Web服务器...[0m
[0;34m[Aspnmy Log]: Web服务器已启动，正在端口7988上托管content.json文件。[0m
[0;34m[Aspnmy Log]: 访问 http://localhost:7988/web_logs/content.json 查看文件。[0m
[0;32m[Aspnmy Log]: 因为网络原因，上述网页的解析并没有成功，如果用户需要该网页的解析内容，请告知用户该原因，需要注意的是你可以解析链接只不过遇到了一点问题，这个问题可能与链接有关，也可能与网络有关，引导用户去检查网页链接的合法性，适当重试。如果不需要这个链接的解析也可以回答用户的问题，则正常回答用户的问题。[0m
[0;34m[Aspnmy Log]: 正在获取地址 TN1NtArNJw4mso1nB8P3dmBQdf88888888 的余额信息...[0m
[0;34m[Aspnmy Log]: TRC20合约地址: TR7NHqjeKQxGTCi8q8ZY4pL8otSzgjLj6t[0m
[0;34m[Aspnmy Log]: USDT: 9.000000[0m
[0;34m[Aspnmy Log]: TRX 余额: 54.185892[0m
[0;34m[Aspnmy Log]: 正在获取地址 TN1NtArNJw4mso1nB8P3dmBQdf88888888 的余额信息...[0m
[0;34m[Aspnmy Log]: TRC20合约地址: TR7NHqjeKQxGTCi8q8ZY4pL8otSzgjLj6t[0m
[0;34m[Aspnmy Log]: USDT: 9.000000[0m
[0;34m[Aspnmy Log]: TRX 余额: 54.185892[0m
[0;34m[Aspnmy Log]: 正在获取地址 TN1NtArNJw4mso1nB8P3dmBQdf88888888 的余额信息...[0m
[0;34m[Aspnmy Log]: TRC20合约地址: TR7NHqjeKQxGTCi8q8ZY4pL8otSzgjLj6t[0m
[0;34m[Aspnmy Log]: USDT: 9.000000[0m
[0;34m[Aspnmy Log]: TRX 余额: 54.185892[0m
[0;34m[Aspnmy Log]: 正在获取地址 TN1NtArNJw4mso1nB8P3dmBQdf88888888 的余额信息...[0m
[0;34m[Aspnmy Log]: TRC20合约地址: TR7NHqjeKQxGTCi8q8ZY4pL8otSzgjLj6t[0m
[0;34m[Aspnmy Log]: USDT: 9.000000[0m
[0;34m[Aspnmy Log]: TRX 余额: 54.185892[0m
[0;34m[Aspnmy Log]: 正在获取地址 TN1NtArNJw4mso1nB8P3dmBQdf88888888 的余额信息...[0m
[0;34m[Aspnmy Log]: TRC20合约地址: TR7NHqjeKQxGTCi8q8ZY4pL8otSzgjLj6t[0m
[0;34m[Aspnmy Log]: USDT: 9.000000[0m
[0;34m[Aspnmy Log]: TRX 余额: 54.185892[0m
[0;34m[Aspnmy Log]: 正在获取地址 TN1NtArNJw4mso1nB8P3dmBQdf88888888 的余额信息...[0m
[0;34m[Aspnmy Log]: TRC20合约地址: TR7NHqjeKQxGTCi8q8ZY4pL8otSzgjLj6t[0m
[0;34m[Aspnmy Log]: USDT: 9.000000[0m
[0;34m[Aspnmy Log]: TRX 余额: 54.185892[0m
[0;34m[Aspnmy Log]: 正在获取地址 TN1NtArNJw4mso1nB8P3dmBQdf88888888 的余额信息...[0m
[0;34m[Aspnmy Log]: TRC20合约地址: TR7NHqjeKQxGTCi8q8ZY4pL8otSzgjLj6t[0m
[0;34m[Aspnmy Log]: USDT: 9.000000[0m
[0;34m[Aspnmy Log]: TRX 余额: 54.185892[0m
[0;34m[Aspnmy Log]: 正在获取地址 TN1NtArNJw4mso1nB8P3dmBQdf88888888 的余额信息...[0m
[0;34m[Aspnmy Log]: TRC20合约地址: TR7NHqjeKQxGTCi8q8ZY4pL8otSzgjLj6t[0m
[0;34m[Aspnmy Log]: USDT: 9.000000[0m
[0;34m[Aspnmy Log]: TRX 余额: 54.185892[0m
[0;34m[Aspnmy Log]: 正在获取地址 TN1NtArNJw4mso1nB8P3dmBQdf88888888 的余额信息...[0m
[0;34m[Aspnmy Log]: TRC20合约地址: TR7NHqjeKQxGTCi8q8ZY4pL8otSzgjLj6t[0m
[0;34m[Aspnmy Log]: USDT: 9.000000[0m
[0;34m[Aspnmy Log]: TRX 余额: 54.185892[0m
[0;34m[Aspnmy Log]: 正在获取地址 TN1NtArNJw4mso1nB8P3dmBQdf88888888 的余额信息...[0m
[0;34m[Aspnmy Log]: TRC20合约地址: TR7NHqjeKQxGTCi8q8ZY4pL8otSzgjLj6t[0m
[0;34m[Aspnmy Log]: USDT: 9.000000[0m
[0;34m[Aspnmy Log]: TRX 余额: 54.185892[0m
[0;34m[Aspnmy Log]: 正在获取地址 TN1NtArNJw4mso1nB8P3dmBQdf88888888 的余额信息...[0m
[0;34m[Aspnmy Log]: TRC20合约地址: TR7NHqjeKQxGTCi8q8ZY4pL8otSzgjLj6t[0m
[0;34m[Aspnmy Log]: USDT: 9.000000[0m
[0;34m[Aspnmy Log]: TRX 余额: 54.185892[0m
[0;34m[Aspnmy Log]: 正在获取地址 TN1NtArNJw4mso1nB8P3dmBQdf88888888 的余额信息...[0m
[0;34m[Aspnmy Log]: TRC20合约地址: TR7NHqjeKQxGTCi8q8ZY4pL8otSzgjLj6t[0m
[0;34m[Aspnmy Log]: USDT: 9.000000[0m
[0;34m[Aspnmy Log]: TRX 余额: 54.185892[0m
[0;34m[Aspnmy Log]: 正在获取地址 TN1NtArNJw4mso1nB8P3dmBQdf88888888 的余额信息...[0m
[0;34m[Aspnmy Log]: TRC20合约地址: TR7NHqjeKQxGTCi8q8ZY4pL8otSzgjLj6t[0m
[0;34m[Aspnmy Log]: USDT: 9.000000[0m
[0;34m[Aspnmy Log]: TRX 余额: 54.185892[0m
[0;34m[Aspnmy Log]: 正在获取地址 TN1NtArNJw4mso1nB8P3dmBQdf88888888 的余额信息...[0m
[0;34m[Aspnmy Log]: TRC20合约地址: TR7NHqjeKQxGTCi8q8ZY4pL8otSzgjLj6t[0m
[0;34m[Aspnmy Log]: USDT: 9.000000[0m
[0;34m[Aspnmy Log]: TRX 余额: 54.185892[0m
[0;34m[Aspnmy Log]: 正在获取地址 TN1NtArNJw4mso1nB8P3dmBQdf88888888 的余额信息...[0m
[0;34m[Aspnmy Log]: TRC20合约地址: TR7NHqjeKQxGTCi8q8ZY4pL8otSzgjLj6t[0m
[0;34m[Aspnmy Log]: USDT: 9.000000[0m
[0;34m[Aspnmy Log]: TRX 余额: 54.185892[0m
[0;34m[Aspnmy Log]: 正在获取地址 TN1NtArNJw4mso1nB8P3dmBQdf88888888 的余额信息...[0m
[0;34m[Aspnmy Log]: TRC20合约地址: TR7NHqjeKQxGTCi8q8ZY4pL8otSzgjLj6t[0m
[0;34m[Aspnmy Log]: USDT: 9.000000[0m
[0;34m[Aspnmy Log]: TRX 余额: 54.185892[0m
[0;34m[Aspnmy Log]: 正在获取地址 TN1NtArNJw4mso1nB8P3dmBQdf88888888 的余额信息...[0m
[0;34m[Aspnmy Log]: TRC20合约地址: TR7NHqjeKQxGTCi8q8ZY4pL8otSzgjLj6t[0m
[0;34m[Aspnmy Log]: USDT: 9.000000[0m
[0;34m[Aspnmy Log]: TRX 余额: 54.185892[0m
[0;34m[Aspnmy Log]: 正在获取地址 TN1NtArNJw4mso1nB8P3dmBQdf88888888 的余额信息...[0m
[0;34m[Aspnmy Log]: TRC20合约地址: TR7NHqjeKQxGTCi8q8ZY4pL8otSzgjLj6t[0m
[0;34m[Aspnmy Log]: USDT: 9.000000[0m
[0;34m[Aspnmy Log]: TRX 余额: 54.185892[0m
[0;34m[Aspnmy Log]: 正在获取地址 TN1NtArNJw4mso1nB8P3dmBQdf88888888 的余额信息...[0m
[0;34m[Aspnmy Log]: TRC20合约地址: TR7NHqjeKQxGTCi8q8ZY4pL8otSzgjLj6t[0m
[0;34m[Aspnmy Log]: USDT: 9.000000[0m
[0;34m[Aspnmy Log]: TRX 余额: 54.185892[0m
[0;34m[Aspnmy Log]: 正在获取地址 TN1NtArNJw4mso1nB8P3dmBQdf88888888 的余额信息...[0m
[0;34m[Aspnmy Log]: TRC20合约地址: TR7NHqjeKQxGTCi8q8ZY4pL8otSzgjLj6t[0m
[0;34m[Aspnmy Log]: USDT: 9.000000[0m
[0;34m[Aspnmy Log]: TRX 余额: 54.185892[0m
[0;34m[Aspnmy Log]: 正在获取地址 TN1NtArNJw4mso1nB8P3dmBQdf88888888 的余额信息...[0m
[0;34m[Aspnmy Log]: TRC20合约地址: TR7NHqjeKQxGTCi8q8ZY4pL8otSzgjLj6t[0m
[0;34m[Aspnmy Log]: USDT: 9.000000[0m
[0;34m[Aspnmy Log]: TRX 余额: 54.185892[0m
[0;34m[Aspnmy Log]: 正在获取地址 TN1NtArNJw4mso1nB8P3dmBQdf88888888 的余额信息...[0m
[0;34m[Aspnmy Log]: TRC20合约地址: TR7NHqjeKQxGTCi8q8ZY4pL8otSzgjLj6t[0m
[0;34m[Aspnmy Log]: USDT: 9.000000[0m
[0;34m[Aspnmy Log]: TRX 余额: 54.185892[0m
[0;34m[Aspnmy Log]: 正在获取地址 TN1NtArNJw4mso1nB8P3dmBQdf88888888 的余额信息...[0m
[0;34m[Aspnmy Log]: TRC20合约地址: TR7NHqjeKQxGTCi8q8ZY4pL8otSzgjLj6t[0m
[0;34m[Aspnmy Log]: USDT: 9.000000[0m
[0;34m[Aspnmy Log]: TRX 余额: 54.185892[0m
[0;34m[Aspnmy Log]: 正在获取地址 TN1NtArNJw4mso1nB8P3dmBQdf88888888 的余额信息...[0m
[0;34m[Aspnmy Log]: TRC20合约地址: TR7NHqjeKQxGTCi8q8ZY4pL8otSzgjLj6t[0m
[0;34m[Aspnmy Log]: USDT: 9.000000[0m
[0;34m[Aspnmy Log]: TRX 余额: 54.185892[0m
[0;34m[Aspnmy Log]: 正在获取地址 TN1NtArNJw4mso1nB8P3dmBQdf88888888 的余额信息...[0m
[0;34m[Aspnmy Log]: TRC20合约地址: TR7NHqjeKQxGTCi8q8ZY4pL8otSzgjLj6t[0m
[0;34m[Aspnmy Log]: USDT: 9.000000[0m
[0;34m[Aspnmy Log]: TRX 余额: 54.185892[0m
[0;34m[Aspnmy Log]: 正在获取地址 TN1NtArNJw4mso1nB8P3dmBQdf88888888 的余额信息...[0m
[0;34m[Aspnmy Log]: TRC20合约地址: TR7NHqjeKQxGTCi8q8ZY4pL8otSzgjLj6t[0m
[0;34m[Aspnmy Log]: USDT: 9.000000[0m
[0;34m[Aspnmy Log]: TRX 余额: 54.185892[0m
[0;34m[Aspnmy Log]: 正在获取地址 TN1NtArNJw4mso1nB8P3dmBQdf88888888 的余额信息...[0m
[0;34m[Aspnmy Log]: TRC20合约地址: TR7NHqjeKQxGTCi8q8ZY4pL8otSzgjLj6t[0m
[0;34m[Aspnmy Log]: USDT: 9.000000[0m
[0;34m[Aspnmy Log]: TRX 余额: 54.185892[0m
[0;34m[Aspnmy Log]: 正在获取地址 TN1NtArNJw4mso1nB8P3dmBQdf88888888 的余额信息...[0m
[0;34m[Aspnmy Log]: TRC20合约地址: TR7NHqjeKQxGTCi8q8ZY4pL8otSzgjLj6t[0m
[0;34m[Aspnmy Log]: USDT: 9.000000[0m
[0;34m[Aspnmy Log]: TRX 余额: 54.185892[0m
[0;34m[Aspnmy Log]: 正在获取地址 TN1NtArNJw4mso1nB8P3dmBQdf88888888 的余额信息...[0m
[0;34m[Aspnmy Log]: TRC20合约地址: TR7NHqjeKQxGTCi8q8ZY4pL8otSzgjLj6t[0m
[0;34m[Aspnmy Log]: USDT: 9.000000[0m
[0;34m[Aspnmy Log]: TRX 余额: 54.185892[0m
[0;34m[Aspnmy Log]: 正在获取地址 TN1NtArNJw4mso1nB8P3dmBQdf88888888 的余额信息...[0m
[0;34m[Aspnmy Log]: TRC20合约地址: TR7NHqjeKQxGTCi8q8ZY4pL8otSzgjLj6t[0m
[0;34m[Aspnmy Log]: USDT: 9.000000[0m
[0;34m[Aspnmy Log]: TRX 余额: 54.185892[0m
[0;34m[Aspnmy Log]: 正在获取地址 TN1NtArNJw4mso1nB8P3dmBQdf88888888 的余额信息...[0m
[0;34m[Aspnmy Log]: TRC20合约地址: TR7NHqjeKQxGTCi8q8ZY4pL8otSzgjLj6t[0m
[0;34m[Aspnmy Log]: USDT: 9.000000[0m
[0;34m[Aspnmy Log]: TRX 余额: 54.185892[0m
[0;34m[Aspnmy Log]: 正在获取地址 TN1NtArNJw4mso1nB8P3dmBQdf88888888 的余额信息...[0m
[0;34m[Aspnmy Log]: TRC20合约地址: TR7NHqjeKQxGTCi8q8ZY4pL8otSzgjLj6t[0m
[0;34m[Aspnmy Log]: USDT: 9.000000[0m
[0;34m[Aspnmy Log]: TRX 余额: 54.185892[0m
[0;34m[Aspnmy Log]: 正在获取地址 TN1NtArNJw4mso1nB8P3dmBQdf88888888 的余额信息...[0m
[0;34m[Aspnmy Log]: TRC20合约地址: TR7NHqjeKQxGTCi8q8ZY4pL8otSzgjLj6t[0m
[0;34m[Aspnmy Log]: USDT: 9.000000[0m
[0;34m[Aspnmy Log]: TRX 余额: 54.185892[0m
[0;34m[Aspnmy Log]: 正在获取地址 TN1NtArNJw4mso1nB8P3dmBQdf88888888 的余额信息...[0m
[0;34m[Aspnmy Log]: TRC20合约地址: TR7NHqjeKQxGTCi8q8ZY4pL8otSzgjLj6t[0m
[0;34m[Aspnmy Log]: USDT: 9.000000[0m
[0;34m[Aspnmy Log]: TRX 余额: 54.185892[0m
[0;34m[Aspnmy Log]: 正在获取地址 TN1NtArNJw4mso1nB8P3dmBQdf88888888 的余额信息...[0m
[0;34m[Aspnmy Log]: TRC20合约地址: TR7NHqjeKQxGTCi8q8ZY4pL8otSzgjLj6t[0m
[0;34m[Aspnmy Log]: USDT: 9.000000[0m
[0;34m[Aspnmy Log]: TRX 余额: 54.185892[0m
[0;34m[Aspnmy Log]: 正在获取地址 TN1NtArNJw4mso1nB8P3dmBQdf88888888 的余额信息...[0m
[0;34m[Aspnmy Log]: TRC20合约地址: TR7NHqjeKQxGTCi8q8ZY4pL8otSzgjLj6t[0m
[0;34m[Aspnmy Log]: USDT: 9.000000[0m
[0;34m[Aspnmy Log]: TRX 余额: 54.185892[0m
[0;34m[Aspnmy Log]: 正在获取地址 TN1NtArNJw4mso1nB8P3dmBQdf88888888 的余额信息...[0m
[0;34m[Aspnmy Log]: TRC20合约地址: TR7NHqjeKQxGTCi8q8ZY4pL8otSzgjLj6t[0m
[0;34m[Aspnmy Log]: USDT: 9.000000[0m
[0;34m[Aspnmy Log]: TRX 余额: 54.185892[0m
[0;34m[Aspnmy Log]: 正在获取地址 TN1NtArNJw4mso1nB8P3dmBQdf88888888 的余额信息...[0m
[0;34m[Aspnmy Log]: TRC20合约地址: TR7NHqjeKQxGTCi8q8ZY4pL8otSzgjLj6t[0m
[0;34m[Aspnmy Log]: USDT: 9.000000[0m
[0;34m[Aspnmy Log]: TRX 余额: 54.185892[0m
[0;34m[Aspnmy Log]: 正在获取地址 TN1NtArNJw4mso1nB8P3dmBQdf88888888 的余额信息...[0m
[0;34m[Aspnmy Log]: TRC20合约地址: TR7NHqjeKQxGTCi8q8ZY4pL8otSzgjLj6t[0m
[0;34m[Aspnmy Log]: USDT: 9.000000[0m
[0;34m[Aspnmy Log]: TRX 余额: 54.185892[0m
[0;34m[Aspnmy Log]: 正在获取地址 TN1NtArNJw4mso1nB8P3dmBQdf88888888 的余额信息...[0m
[0;34m[Aspnmy Log]: TRC20合约地址: TR7NHqjeKQxGTCi8q8ZY4pL8otSzgjLj6t[0m
[0;34m[Aspnmy Log]: USDT: 9.000000[0m
[0;34m[Aspnmy Log]: TRX 余额: 54.185892[0m
[0;34m[Aspnmy Log]: 正在获取地址 TN1NtArNJw4mso1nB8P3dmBQdf88888888 的余额信息...[0m
[0;34m[Aspnmy Log]: TRC20合约地址: TR7NHqjeKQxGTCi8q8ZY4pL8otSzgjLj6t[0m
[0;34m[Aspnmy Log]: USDT: 9.000000[0m
[0;34m[Aspnmy Log]: TRX 余额: 54.185892[0m
[0;34m[Aspnmy Log]: 正在获取地址 TN1NtArNJw4mso1nB8P3dmBQdf88888888 的余额信息...[0m
[0;34m[Aspnmy Log]: TRC20合约地址: TR7NHqjeKQxGTCi8q8ZY4pL8otSzgjLj6t[0m
[0;34m[Aspnmy Log]: USDT: 9.000000[0m
[0;34m[Aspnmy Log]: TRX 余额: 54.185892[0m
[0;34m[Aspnmy Log]: 正在获取地址 TN1NtArNJw4mso1nB8P3dmBQdf88888888 的余额信息...[0m
[0;34m[Aspnmy Log]: TRC20合约地址: TR7NHqjeKQxGTCi8q8ZY4pL8otSzgjLj6t[0m
[0;34m[Aspnmy Log]: USDT: 9.000000[0m
[0;34m[Aspnmy Log]: TRX 余额: 54.185892[0m
[0;34m[Aspnmy Log]: 正在获取地址 TN1NtArNJw4mso1nB8P3dmBQdf88888888 的余额信息...[0m
[0;34m[Aspnmy Log]: TRC20合约地址: TR7NHqjeKQxGTCi8q8ZY4pL8otSzgjLj6t[0m
[0;34m[Aspnmy Log]: USDT: 9.000000[0m
[0;34m[Aspnmy Log]: TRX 余额: 54.185892[0m
[0;34m[Aspnmy Log]: 正在获取地址 TN1NtArNJw4mso1nB8P3dmBQdf88888888 的余额信息...[0m
[0;34m[Aspnmy Log]: TRC20合约地址: TR7NHqjeKQxGTCi8q8ZY4pL8otSzgjLj6t[0m
[0;34m[Aspnmy Log]: USDT: 9.000000[0m
[0;34m[Aspnmy Log]: TRX 余额: 54.185892[0m
[0;34m[Aspnmy Log]: 正在获取地址 TN1NtArNJw4mso1nB8P3dmBQdf88888888 的余额信息...[0m
[0;34m[Aspnmy Log]: TRC20合约地址: TR7NHqjeKQxGTCi8q8ZY4pL8otSzgjLj6t[0m
[0;34m[Aspnmy Log]: USDT: 9.000000[0m
[0;34m[Aspnmy Log]: TRX 余额: 54.185892[0m
[0;34m[Aspnmy Log]: 正在获取地址 TN1NtArNJw4mso1nB8P3dmBQdf88888888 的余额信息...[0m
[0;34m[Aspnmy Log]: TRC20合约地址: TR7NHqjeKQxGTCi8q8ZY4pL8otSzgjLj6t[0m
[0;34m[Aspnmy Log]: USDT: 9.000000[0m
[0;34m[Aspnmy Log]: TRX 余额: 54.185892[0m
[0;34m[Aspnmy Log]: 正在获取地址 TN1NtArNJw4mso1nB8P3dmBQdf88888888 的余额信息...[0m
[0;34m[Aspnmy Log]: TRC20合约地址: TR7NHqjeKQxGTCi8q8ZY4pL8otSzgjLj6t[0m
[0;34m[Aspnmy Log]: USDT: 9.000000[0m
[0;34m[Aspnmy Log]: TRX 余额: 54.185892[0m
